2025-12-12 19:30:13 - database_enhanced - ERROR - init_database:268 - Failed to initialize database tables: (sqlite3.OperationalError) table users already exists
[SQL: 
CREATE TABLE users (
	id INTEGER NOT NULL, 
	username VARCHAR(64) NOT NULL, 
	email VARCHAR(120) NOT NULL, 
	full_name VARCHAR(100) NOT NULL, 
	title VARCHAR(100), 
	company VARCHAR(100), 
	location VARCHAR(100), 
	bio TEXT, 
	profile_image VARCHAR(200), 
	profile_pic VARCHAR(500), 
	password_hash VARCHAR(256), 
	user_type VARCHAR(20) NOT NULL, 
	domain VARCHAR(100), 
	is_verified BOOLEAN NOT NULL, 
	is_active BOOLEAN NOT NULL, 
	last_login DATETIME, 
	created_at DATETIME NOT NULL, 
	updated_at DATETIME NOT NULL, 
	phone VARCHAR(20), 
	website VARCHAR(200), 
	linkedin_url VARCHAR(200), 
	twitter_url VARCHAR(200), 
	github_url VARCHAR(200), 
	google_id VARCHAR(100), 
	domain_id VARCHAR(100), 
	hr_id VARCHAR(100), 
	industry VARCHAR(100), 
	skills TEXT, 
	experience_years INTEGER, 
	experience VARCHAR(20), 
	education TEXT, 
	certifications TEXT, 
	interests TEXT, 
	portfolio_url VARCHAR(200), 
	profile_visibility VARCHAR(20) NOT NULL, 
	show_email BOOLEAN NOT NULL, 
	show_phone BOOLEAN NOT NULL, 
	PRIMARY KEY (id), 
	CONSTRAINT valid_user_type CHECK (user_type IN ('normal', 'domain', 'premium')), 
	CONSTRAINT valid_profile_visibility CHECK (profile_visibility IN ('public', 'connections', 'private')), 
	CONSTRAINT valid_experience_years CHECK (experience_years >= 0), 
	UNIQUE (google_id)
)

]
(Background on this error at: https://sqlalche.me/e/20/e3q8)
