2025-09-12 18:30:28 - qrowiq - INFO - <module>:113 - Mounted frontend assets from /Users/asmohamedarfeen/Desktop/project/Glow-IQ/Glow-IQ/fronted/dist/public/assets at /assets
2025-09-12 18:30:28 - qrowiq - INFO - <module>:129 - Message UI static directory mounted at /message/static
2025-09-12 18:30:28 - passlib.utils.compat - DEBUG - __getattr__:449 - loaded lazy attr 'SafeConfigParser': <class 'configparser.ConfigParser'>
2025-09-12 18:30:28 - passlib.utils.compat - DEBUG - __getattr__:449 - loaded lazy attr 'NativeStringIO': <class '_io.StringIO'>
2025-09-12 18:30:28 - passlib.utils.compat - DEBUG - __getattr__:449 - loaded lazy attr 'BytesIO': <class '_io.BytesIO'>
2025-09-12 18:30:28 - passlib.registry - DEBUG - register_crypt_handler:296 - registered 'bcrypt' handler: <class 'passlib.handlers.bcrypt.bcrypt'>
2025-09-12 18:30:29 - sqlalchemy.engine.Engine - INFO - _connection_begin_impl:2702 - BEGIN (implicit)
2025-09-12 18:30:29 - sqlalchemy.engine.Engine - INFO - _execute_context:1846 - PRAGMA table_info(messages)
2025-09-12 18:30:29 - sqlalchemy.engine.Engine - INFO - _execute_context:1846 - [raw sql] ()
2025-09-12 18:30:29 - sqlalchemy.engine.Engine - INFO - _execute_context:1846 - ALTER TABLE messages ADD COLUMN timestamp DATETIME DEFAULT (CURRENT_TIMESTAMP)
2025-09-12 18:30:29 - sqlalchemy.engine.Engine - INFO - _execute_context:1846 - [raw sql] ()
2025-09-12 18:30:29 - sqlalchemy.engine.Engine - INFO - _connection_rollback_impl:2705 - ROLLBACK
2025-09-12 18:30:29 - message_api_routes - WARNING - _ensure_messages_table_schema:55 - Could not verify/patch messages table schema: (sqlite3.OperationalError) no such table: messages
[SQL: ALTER TABLE messages ADD COLUMN timestamp DATETIME DEFAULT (CURRENT_TIMESTAMP)]
(Background on this error at: https://sqlalche.me/e/20/e3q8)
2025-09-12 18:30:29 - qrowiq - INFO - <module>:737 - Streak routes included successfully
2025-09-12 18:30:29 - numexpr.utils - INFO - _init_num_threads:164 - NumExpr defaulting to 12 threads.
2025-09-12 18:30:29 - qrowiq - INFO - <module>:745 - Job recommendation routes included successfully
2025-09-12 18:30:29 - qrowiq - INFO - <module>:753 - Test auth routes included successfully
2025-09-12 18:30:29 - qrowiq - INFO - <module>:757 - Qrow IQ FastAPI application configured successfully
2025-09-12 18:30:42 - qrowiq - INFO - <module>:113 - Mounted frontend assets from /Users/asmohamedarfeen/Desktop/project/Glow-IQ/Glow-IQ/fronted/dist/public/assets at /assets
2025-09-12 18:30:42 - qrowiq - INFO - <module>:129 - Message UI static directory mounted at /message/static
2025-09-12 18:30:42 - passlib.utils.compat - DEBUG - __getattr__:449 - loaded lazy attr 'SafeConfigParser': <class 'configparser.ConfigParser'>
2025-09-12 18:30:42 - passlib.utils.compat - DEBUG - __getattr__:449 - loaded lazy attr 'NativeStringIO': <class '_io.StringIO'>
2025-09-12 18:30:42 - passlib.utils.compat - DEBUG - __getattr__:449 - loaded lazy attr 'BytesIO': <class '_io.BytesIO'>
2025-09-12 18:30:42 - passlib.registry - DEBUG - register_crypt_handler:296 - registered 'bcrypt' handler: <class 'passlib.handlers.bcrypt.bcrypt'>
2025-09-12 18:30:42 - sqlalchemy.engine.Engine - INFO - _connection_begin_impl:2702 - BEGIN (implicit)
2025-09-12 18:30:42 - sqlalchemy.engine.Engine - INFO - _execute_context:1846 - PRAGMA table_info(messages)
2025-09-12 18:30:42 - sqlalchemy.engine.Engine - INFO - _execute_context:1846 - [raw sql] ()
2025-09-12 18:30:42 - sqlalchemy.engine.Engine - INFO - _execute_context:1846 - ALTER TABLE messages ADD COLUMN timestamp DATETIME DEFAULT (CURRENT_TIMESTAMP)
2025-09-12 18:30:42 - sqlalchemy.engine.Engine - INFO - _execute_context:1846 - [raw sql] ()
2025-09-12 18:30:42 - sqlalchemy.engine.Engine - INFO - _connection_rollback_impl:2705 - ROLLBACK
2025-09-12 18:30:42 - message_api_routes - WARNING - _ensure_messages_table_schema:55 - Could not verify/patch messages table schema: (sqlite3.OperationalError) no such table: messages
[SQL: ALTER TABLE messages ADD COLUMN timestamp DATETIME DEFAULT (CURRENT_TIMESTAMP)]
(Background on this error at: https://sqlalche.me/e/20/e3q8)
2025-09-12 18:30:42 - qrowiq - INFO - <module>:737 - Streak routes included successfully
2025-09-12 18:30:42 - numexpr.utils - INFO - _init_num_threads:164 - NumExpr defaulting to 12 threads.
2025-09-12 18:30:43 - qrowiq - INFO - <module>:745 - Job recommendation routes included successfully
2025-09-12 18:30:43 - qrowiq - INFO - <module>:753 - Test auth routes included successfully
2025-09-12 18:30:43 - qrowiq - INFO - <module>:757 - Qrow IQ FastAPI application configured successfully
2025-09-12 18:30:43 - qrowiq - INFO - <module>:113 - Mounted frontend assets from /Users/asmohamedarfeen/Desktop/project/Glow-IQ/Glow-IQ/fronted/dist/public/assets at /assets
2025-09-12 18:30:43 - qrowiq - INFO - <module>:129 - Message UI static directory mounted at /message/static
2025-09-12 18:30:43 - passlib.utils.compat - DEBUG - __getattr__:449 - loaded lazy attr 'SafeConfigParser': <class 'configparser.ConfigParser'>
2025-09-12 18:30:43 - passlib.utils.compat - DEBUG - __getattr__:449 - loaded lazy attr 'NativeStringIO': <class '_io.StringIO'>
2025-09-12 18:30:43 - passlib.utils.compat - DEBUG - __getattr__:449 - loaded lazy attr 'BytesIO': <class '_io.BytesIO'>
2025-09-12 18:30:43 - passlib.registry - DEBUG - register_crypt_handler:296 - registered 'bcrypt' handler: <class 'passlib.handlers.bcrypt.bcrypt'>
2025-09-12 18:30:43 - sqlalchemy.engine.Engine - INFO - _connection_begin_impl:2702 - BEGIN (implicit)
2025-09-12 18:30:43 - sqlalchemy.engine.Engine - INFO - _execute_context:1846 - PRAGMA table_info(messages)
2025-09-12 18:30:43 - sqlalchemy.engine.Engine - INFO - _execute_context:1846 - [raw sql] ()
2025-09-12 18:30:43 - sqlalchemy.engine.Engine - INFO - _execute_context:1846 - ALTER TABLE messages ADD COLUMN timestamp DATETIME DEFAULT (CURRENT_TIMESTAMP)
2025-09-12 18:30:43 - sqlalchemy.engine.Engine - INFO - _execute_context:1846 - [raw sql] ()
2025-09-12 18:30:43 - sqlalchemy.engine.Engine - INFO - _connection_rollback_impl:2705 - ROLLBACK
2025-09-12 18:30:43 - message_api_routes - WARNING - _ensure_messages_table_schema:55 - Could not verify/patch messages table schema: (sqlite3.OperationalError) no such table: messages
[SQL: ALTER TABLE messages ADD COLUMN timestamp DATETIME DEFAULT (CURRENT_TIMESTAMP)]
(Background on this error at: https://sqlalche.me/e/20/e3q8)
2025-09-12 18:30:43 - qrowiq - INFO - <module>:737 - Streak routes included successfully
2025-09-12 18:30:44 - numexpr.utils - INFO - _init_num_threads:164 - NumExpr defaulting to 12 threads.
2025-09-12 18:30:44 - qrowiq - INFO - <module>:745 - Job recommendation routes included successfully
2025-09-12 18:30:44 - qrowiq - INFO - <module>:753 - Test auth routes included successfully
2025-09-12 18:30:44 - qrowiq - INFO - <module>:757 - Qrow IQ FastAPI application configured successfully
2025-09-12 18:30:44 - qrowiq - INFO - lifespan:39 - Starting Qrow IQ application...
2025-09-12 18:30:44 - sqlalchemy.engine.Engine - INFO - _connection_begin_impl:2702 - BEGIN (implicit)
2025-09-12 18:30:44 - sqlalchemy.engine.Engine - INFO - _execute_context:1846 - PRAGMA database_list
2025-09-12 18:30:44 - sqlalchemy.engine.Engine - INFO - _execute_context:1846 - [generated in 0.00028s] ()
2025-09-12 18:30:44 - sqlalchemy.engine.Engine - INFO - _connection_rollback_impl:2705 - ROLLBACK
2025-09-12 18:30:44 - qrowiq - INFO - lifespan:43 - Database connection successful
2025-09-12 18:30:44 - qrowiq - INFO - lifespan:45 - Database: {'type': 'SQLite', 'path': './dashboard.db', 'status': 'healthy'}
2025-09-12 18:30:44 - sqlalchemy.engine.Engine - INFO - _connection_begin_impl:2702 - BEGIN (implicit)
2025-09-12 18:30:44 - sqlalchemy.engine.Engine - INFO - _execute_context:1846 - PRAGMA database_list
2025-09-12 18:30:44 - sqlalchemy.engine.Engine - INFO - _execute_context:1846 - [cached since 0.001032s ago] ()
2025-09-12 18:30:44 - sqlalchemy.engine.Engine - INFO - _connection_rollback_impl:2705 - ROLLBACK
2025-09-12 18:30:44 - qrowiq - INFO - lifespan:49 - Database health: {'overall': 'healthy', 'database': {'type': 'SQLite', 'status': 'connected'}, 'pool': {'pool_size': 'N/A (SQLite)', 'checked_in': 'N/A (SQLite)', 'checked_out': 'N/A (SQLite)', 'overflow': 'N/A (SQLite)'}, 'last_check': 1757682044.4680052}
2025-09-12 18:30:44 - sqlalchemy.engine.Engine - INFO - _connection_begin_impl:2702 - BEGIN (implicit)
2025-09-12 18:30:44 - sqlalchemy.engine.Engine - INFO - _execute_context:1846 - PRAGMA main.table_info("users")
2025-09-12 18:30:44 - sqlalchemy.engine.Engine - INFO - _execute_context:1846 - [raw sql] ()
2025-09-12 18:30:44 - sqlalchemy.engine.Engine - INFO - _execute_context:1846 - PRAGMA temp.table_info("users")
2025-09-12 18:30:44 - sqlalchemy.engine.Engine - INFO - _execute_context:1846 - [raw sql] ()
2025-09-12 18:30:44 - sqlalchemy.engine.Engine - INFO - _execute_context:1846 - PRAGMA main.table_info("posts")
2025-09-12 18:30:44 - sqlalchemy.engine.Engine - INFO - _execute_context:1846 - [raw sql] ()
2025-09-12 18:30:44 - sqlalchemy.engine.Engine - INFO - _execute_context:1846 - PRAGMA temp.table_info("posts")
2025-09-12 18:30:44 - sqlalchemy.engine.Engine - INFO - _execute_context:1846 - [raw sql] ()
2025-09-12 18:30:44 - sqlalchemy.engine.Engine - INFO - _execute_context:1846 - PRAGMA main.table_info("post_likes")
2025-09-12 18:30:44 - sqlalchemy.engine.Engine - INFO - _execute_context:1846 - [raw sql] ()
2025-09-12 18:30:44 - sqlalchemy.engine.Engine - INFO - _execute_context:1846 - PRAGMA temp.table_info("post_likes")
2025-09-12 18:30:44 - sqlalchemy.engine.Engine - INFO - _execute_context:1846 - [raw sql] ()
2025-09-12 18:30:44 - sqlalchemy.engine.Engine - INFO - _execute_context:1846 - PRAGMA main.table_info("connections")
2025-09-12 18:30:44 - sqlalchemy.engine.Engine - INFO - _execute_context:1846 - [raw sql] ()
2025-09-12 18:30:44 - sqlalchemy.engine.Engine - INFO - _execute_context:1846 - PRAGMA temp.table_info("connections")
2025-09-12 18:30:44 - sqlalchemy.engine.Engine - INFO - _execute_context:1846 - [raw sql] ()
2025-09-12 18:30:44 - sqlalchemy.engine.Engine - INFO - _execute_context:1846 - PRAGMA main.table_info("friend_requests")
2025-09-12 18:30:44 - sqlalchemy.engine.Engine - INFO - _execute_context:1846 - [raw sql] ()
2025-09-12 18:30:44 - sqlalchemy.engine.Engine - INFO - _execute_context:1846 - PRAGMA temp.table_info("friend_requests")
2025-09-12 18:30:44 - sqlalchemy.engine.Engine - INFO - _execute_context:1846 - [raw sql] ()
2025-09-12 18:30:44 - sqlalchemy.engine.Engine - INFO - _execute_context:1846 - PRAGMA main.table_info("jobs")
2025-09-12 18:30:44 - sqlalchemy.engine.Engine - INFO - _execute_context:1846 - [raw sql] ()
2025-09-12 18:30:44 - sqlalchemy.engine.Engine - INFO - _execute_context:1846 - PRAGMA temp.table_info("jobs")
2025-09-12 18:30:44 - sqlalchemy.engine.Engine - INFO - _execute_context:1846 - [raw sql] ()
2025-09-12 18:30:44 - sqlalchemy.engine.Engine - INFO - _execute_context:1846 - PRAGMA main.table_info("job_applications")
2025-09-12 18:30:44 - sqlalchemy.engine.Engine - INFO - _execute_context:1846 - [raw sql] ()
2025-09-12 18:30:44 - sqlalchemy.engine.Engine - INFO - _execute_context:1846 - PRAGMA temp.table_info("job_applications")
2025-09-12 18:30:44 - sqlalchemy.engine.Engine - INFO - _execute_context:1846 - [raw sql] ()
2025-09-12 18:30:44 - sqlalchemy.engine.Engine - INFO - _execute_context:1846 - PRAGMA main.table_info("events")
2025-09-12 18:30:44 - sqlalchemy.engine.Engine - INFO - _execute_context:1846 - [raw sql] ()
2025-09-12 18:30:44 - sqlalchemy.engine.Engine - INFO - _execute_context:1846 - PRAGMA temp.table_info("events")
2025-09-12 18:30:44 - sqlalchemy.engine.Engine - INFO - _execute_context:1846 - [raw sql] ()
2025-09-12 18:30:44 - sqlalchemy.engine.Engine - INFO - _execute_context:1846 - PRAGMA main.table_info("event_registrations")
2025-09-12 18:30:44 - sqlalchemy.engine.Engine - INFO - _execute_context:1846 - [raw sql] ()
2025-09-12 18:30:44 - sqlalchemy.engine.Engine - INFO - _execute_context:1846 - PRAGMA temp.table_info("event_registrations")
2025-09-12 18:30:44 - sqlalchemy.engine.Engine - INFO - _execute_context:1846 - [raw sql] ()
2025-09-12 18:30:44 - sqlalchemy.engine.Engine - INFO - _execute_context:1846 - PRAGMA main.table_info("notifications")
2025-09-12 18:30:44 - sqlalchemy.engine.Engine - INFO - _execute_context:1846 - [raw sql] ()
2025-09-12 18:30:44 - sqlalchemy.engine.Engine - INFO - _execute_context:1846 - PRAGMA temp.table_info("notifications")
2025-09-12 18:30:44 - sqlalchemy.engine.Engine - INFO - _execute_context:1846 - [raw sql] ()
2025-09-12 18:30:44 - sqlalchemy.engine.Engine - INFO - _execute_context:1846 - PRAGMA main.table_info("comments")
2025-09-12 18:30:44 - sqlalchemy.engine.Engine - INFO - _execute_context:1846 - [raw sql] ()
2025-09-12 18:30:44 - sqlalchemy.engine.Engine - INFO - _execute_context:1846 - PRAGMA temp.table_info("comments")
2025-09-12 18:30:44 - sqlalchemy.engine.Engine - INFO - _execute_context:1846 - [raw sql] ()
2025-09-12 18:30:44 - sqlalchemy.engine.Engine - INFO - _execute_context:1846 - PRAGMA main.table_info("inbox")
2025-09-12 18:30:44 - sqlalchemy.engine.Engine - INFO - _execute_context:1846 - [raw sql] ()
2025-09-12 18:30:44 - sqlalchemy.engine.Engine - INFO - _execute_context:1846 - PRAGMA temp.table_info("inbox")
2025-09-12 18:30:44 - sqlalchemy.engine.Engine - INFO - _execute_context:1846 - [raw sql] ()
2025-09-12 18:30:44 - sqlalchemy.engine.Engine - INFO - _execute_context:1846 - PRAGMA main.table_info("mock_interview_sessions")
2025-09-12 18:30:44 - sqlalchemy.engine.Engine - INFO - _execute_context:1846 - [raw sql] ()
2025-09-12 18:30:44 - sqlalchemy.engine.Engine - INFO - _execute_context:1846 - PRAGMA temp.table_info("mock_interview_sessions")
2025-09-12 18:30:44 - sqlalchemy.engine.Engine - INFO - _execute_context:1846 - [raw sql] ()
2025-09-12 18:30:44 - sqlalchemy.engine.Engine - INFO - _execute_context:1846 - PRAGMA main.table_info("mock_interview_turns")
2025-09-12 18:30:44 - sqlalchemy.engine.Engine - INFO - _execute_context:1846 - [raw sql] ()
2025-09-12 18:30:44 - sqlalchemy.engine.Engine - INFO - _execute_context:1846 - PRAGMA temp.table_info("mock_interview_turns")
2025-09-12 18:30:44 - sqlalchemy.engine.Engine - INFO - _execute_context:1846 - [raw sql] ()
2025-09-12 18:30:44 - sqlalchemy.engine.Engine - INFO - _execute_context:1846 - PRAGMA main.table_info("resume_test_results")
2025-09-12 18:30:44 - sqlalchemy.engine.Engine - INFO - _execute_context:1846 - [raw sql] ()
2025-09-12 18:30:44 - sqlalchemy.engine.Engine - INFO - _execute_context:1846 - PRAGMA temp.table_info("resume_test_results")
2025-09-12 18:30:44 - sqlalchemy.engine.Engine - INFO - _execute_context:1846 - [raw sql] ()
2025-09-12 18:30:44 - sqlalchemy.engine.Engine - INFO - _execute_context:1846 - PRAGMA main.table_info("streaks")
2025-09-12 18:30:44 - sqlalchemy.engine.Engine - INFO - _execute_context:1846 - [raw sql] ()
2025-09-12 18:30:44 - sqlalchemy.engine.Engine - INFO - _execute_context:1846 - PRAGMA temp.table_info("streaks")
2025-09-12 18:30:44 - sqlalchemy.engine.Engine - INFO - _execute_context:1846 - [raw sql] ()
2025-09-12 18:30:44 - sqlalchemy.engine.Engine - INFO - _execute_context:1846 - PRAGMA main.table_info("streak_logs")
2025-09-12 18:30:44 - sqlalchemy.engine.Engine - INFO - _execute_context:1846 - [raw sql] ()
2025-09-12 18:30:44 - sqlalchemy.engine.Engine - INFO - _execute_context:1846 - PRAGMA temp.table_info("streak_logs")
2025-09-12 18:30:44 - sqlalchemy.engine.Engine - INFO - _execute_context:1846 - [raw sql] ()
2025-09-12 18:30:44 - sqlalchemy.engine.Engine - INFO - _execute_context:1846 - PRAGMA main.table_info("messages")
2025-09-12 18:30:44 - sqlalchemy.engine.Engine - INFO - _execute_context:1846 - [raw sql] ()
2025-09-12 18:30:44 - sqlalchemy.engine.Engine - INFO - _execute_context:1846 - PRAGMA temp.table_info("messages")
2025-09-12 18:30:44 - sqlalchemy.engine.Engine - INFO - _execute_context:1846 - [raw sql] ()
2025-09-12 18:30:44 - sqlalchemy.engine.Engine - INFO - _execute_context:1846 - 
CREATE TABLE users (
	id INTEGER NOT NULL, 
	username VARCHAR(64) NOT NULL, 
	email VARCHAR(120) NOT NULL, 
	full_name VARCHAR(100) NOT NULL, 
	title VARCHAR(100), 
	company VARCHAR(100), 
	location VARCHAR(100), 
	bio TEXT, 
	profile_image VARCHAR(200), 
	profile_pic VARCHAR(500), 
	password_hash VARCHAR(256), 
	user_type VARCHAR(20) NOT NULL, 
	domain VARCHAR(100), 
	is_verified BOOLEAN NOT NULL, 
	is_active BOOLEAN NOT NULL, 
	last_login DATETIME, 
	created_at DATETIME NOT NULL, 
	updated_at DATETIME NOT NULL, 
	phone VARCHAR(20), 
	website VARCHAR(200), 
	linkedin_url VARCHAR(200), 
	twitter_url VARCHAR(200), 
	github_url VARCHAR(200), 
	google_id VARCHAR(100), 
	domain_id VARCHAR(100), 
	hr_id VARCHAR(100), 
	industry VARCHAR(100), 
	skills TEXT, 
	experience_years INTEGER, 
	experience VARCHAR(20), 
	education TEXT, 
	certifications TEXT, 
	interests TEXT, 
	portfolio_url VARCHAR(200), 
	profile_visibility VARCHAR(20) NOT NULL, 
	show_email BOOLEAN NOT NULL, 
	show_phone BOOLEAN NOT NULL, 
	PRIMARY KEY (id), 
	CONSTRAINT valid_user_type CHECK (user_type IN ('normal', 'domain', 'premium')), 
	CONSTRAINT valid_profile_visibility CHECK (profile_visibility IN ('public', 'connections', 'private')), 
	CONSTRAINT valid_experience_years CHECK (experience_years >= 0), 
	UNIQUE (google_id)
)


2025-09-12 18:30:44 - sqlalchemy.engine.Engine - INFO - _execute_context:1846 - [no key 0.00014s] ()
2025-09-12 18:30:44 - sqlalchemy.engine.Engine - INFO - _execute_context:1846 - CREATE UNIQUE INDEX ix_users_email ON users (email)
2025-09-12 18:30:44 - sqlalchemy.engine.Engine - INFO - _execute_context:1846 - [no key 0.00006s] ()
2025-09-12 18:30:44 - sqlalchemy.engine.Engine - INFO - _execute_context:1846 - CREATE UNIQUE INDEX ix_users_username ON users (username)
2025-09-12 18:30:44 - sqlalchemy.engine.Engine - INFO - _execute_context:1846 - [no key 0.00010s] ()
2025-09-12 18:30:44 - sqlalchemy.engine.Engine - INFO - _execute_context:1846 - 
CREATE TABLE posts (
	id INTEGER NOT NULL, 
	content TEXT NOT NULL, 
	image_path VARCHAR(200), 
	video_path VARCHAR(200), 
	certificate_path VARCHAR(200), 
	post_type VARCHAR(20), 
	likes_count INTEGER, 
	comments_count INTEGER, 
	shares_count INTEGER, 
	is_public BOOLEAN, 
	created_at DATETIME, 
	user_id INTEGER NOT NULL, 
	PRIMARY KEY (id), 
	FOREIGN KEY(user_id) REFERENCES users (id)
)


2025-09-12 18:30:44 - sqlalchemy.engine.Engine - INFO - _execute_context:1846 - [no key 0.00007s] ()
2025-09-12 18:30:44 - sqlalchemy.engine.Engine - INFO - _execute_context:1846 - 
CREATE TABLE connections (
	id INTEGER NOT NULL, 
	user_id INTEGER NOT NULL, 
	connected_user_id INTEGER NOT NULL, 
	status VARCHAR(20), 
	connection_type VARCHAR(20), 
	message TEXT, 
	created_at DATETIME, 
	accepted_at DATETIME, 
	updated_at DATETIME, 
	PRIMARY KEY (id), 
	FOREIGN KEY(user_id) REFERENCES users (id), 
	FOREIGN KEY(connected_user_id) REFERENCES users (id)
)


2025-09-12 18:30:44 - sqlalchemy.engine.Engine - INFO - _execute_context:1846 - [no key 0.00005s] ()
2025-09-12 18:30:44 - sqlalchemy.engine.Engine - INFO - _execute_context:1846 - 
CREATE TABLE friend_requests (
	id INTEGER NOT NULL, 
	sender_id INTEGER NOT NULL, 
	receiver_id INTEGER NOT NULL, 
	status VARCHAR(20), 
	message TEXT, 
	created_at DATETIME, 
	responded_at DATETIME, 
	updated_at DATETIME, 
	PRIMARY KEY (id), 
	FOREIGN KEY(sender_id) REFERENCES users (id), 
	FOREIGN KEY(receiver_id) REFERENCES users (id)
)


2025-09-12 18:30:44 - sqlalchemy.engine.Engine - INFO - _execute_context:1846 - [no key 0.00010s] ()
2025-09-12 18:30:44 - sqlalchemy.engine.Engine - INFO - _execute_context:1846 - 
CREATE TABLE jobs (
	id INTEGER NOT NULL, 
	title VARCHAR(100) NOT NULL, 
	company VARCHAR(100) NOT NULL, 
	location VARCHAR(100), 
	job_type VARCHAR(50), 
	salary_range VARCHAR(50), 
	description TEXT, 
	requirements TEXT, 
	benefits TEXT, 
	application_deadline DATETIME, 
	is_active BOOLEAN, 
	posted_at DATETIME, 
	posted_by INTEGER NOT NULL, 
	views_count INTEGER, 
	applications_count INTEGER, 
	PRIMARY KEY (id), 
	FOREIGN KEY(posted_by) REFERENCES users (id)
)


2025-09-12 18:30:44 - sqlalchemy.engine.Engine - INFO - _execute_context:1846 - [no key 0.00005s] ()
2025-09-12 18:30:44 - sqlalchemy.engine.Engine - INFO - _execute_context:1846 - 
CREATE TABLE events (
	id INTEGER NOT NULL, 
	title VARCHAR(200) NOT NULL, 
	description TEXT, 
	event_type VARCHAR(50), 
	start_date DATETIME NOT NULL, 
	end_date DATETIME NOT NULL, 
	location VARCHAR(200), 
	is_virtual BOOLEAN, 
	meeting_link VARCHAR(500), 
	max_participants INTEGER, 
	current_participants INTEGER, 
	is_active BOOLEAN, 
	created_at DATETIME, 
	organizer_id INTEGER NOT NULL, 
	registration_required BOOLEAN, 
	PRIMARY KEY (id), 
	FOREIGN KEY(organizer_id) REFERENCES users (id)
)


2025-09-12 18:30:44 - sqlalchemy.engine.Engine - INFO - _execute_context:1846 - [no key 0.00009s] ()
2025-09-12 18:30:44 - sqlalchemy.engine.Engine - INFO - _execute_context:1846 - 
CREATE TABLE notifications (
	id INTEGER NOT NULL, 
	user_id INTEGER NOT NULL, 
	title VARCHAR(100) NOT NULL, 
	message TEXT NOT NULL, 
	notification_type VARCHAR(50), 
	is_read BOOLEAN, 
	created_at DATETIME, 
	related_id INTEGER, 
	related_type VARCHAR(50), 
	PRIMARY KEY (id), 
	FOREIGN KEY(user_id) REFERENCES users (id)
)


2025-09-12 18:30:44 - sqlalchemy.engine.Engine - INFO - _execute_context:1846 - [no key 0.00005s] ()
2025-09-12 18:30:44 - sqlalchemy.engine.Engine - INFO - _execute_context:1846 - 
CREATE TABLE inbox (
	id INTEGER NOT NULL, 
	user_id INTEGER NOT NULL, 
	item_type VARCHAR(50) NOT NULL, 
	item_id INTEGER NOT NULL, 
	title VARCHAR(200) NOT NULL, 
	content TEXT NOT NULL, 
	is_read BOOLEAN, 
	created_at DATETIME, 
	read_at DATETIME, 
	PRIMARY KEY (id), 
	FOREIGN KEY(user_id) REFERENCES users (id)
)


2025-09-12 18:30:44 - sqlalchemy.engine.Engine - INFO - _execute_context:1846 - [no key 0.00005s] ()
2025-09-12 18:30:44 - sqlalchemy.engine.Engine - INFO - _execute_context:1846 - 
CREATE TABLE mock_interview_sessions (
	id INTEGER NOT NULL, 
	session_uuid VARCHAR(64) NOT NULL, 
	user_id INTEGER NOT NULL, 
	job_role VARCHAR(200) NOT NULL, 
	job_desc TEXT NOT NULL, 
	total_questions INTEGER NOT NULL, 
	started_at DATETIME NOT NULL, 
	ended_at DATETIME, 
	score_overall INTEGER, 
	score_accuracy INTEGER, 
	score_clarity INTEGER, 
	score_relevance INTEGER, 
	score_confidence INTEGER, 
	overall_grade VARCHAR(10), 
	accuracy_grade VARCHAR(10), 
	clarity_grade VARCHAR(10), 
	relevance_grade VARCHAR(10), 
	confidence_grade VARCHAR(10), 
	feedback_summary TEXT, 
	detailed_feedback TEXT, 
	suggestions_json TEXT, 
	transcript_json TEXT, 
	interview_duration_minutes INTEGER, 
	questions_answered INTEGER, 
	confidence_level VARCHAR(20), 
	PRIMARY KEY (id), 
	FOREIGN KEY(user_id) REFERENCES users (id)
)


2025-09-12 18:30:44 - sqlalchemy.engine.Engine - INFO - _execute_context:1846 - [no key 0.00011s] ()
2025-09-12 18:30:44 - sqlalchemy.engine.Engine - INFO - _execute_context:1846 - CREATE UNIQUE INDEX ix_mock_interview_sessions_session_uuid ON mock_interview_sessions (session_uuid)
2025-09-12 18:30:44 - sqlalchemy.engine.Engine - INFO - _execute_context:1846 - [no key 0.00005s] ()
2025-09-12 18:30:44 - sqlalchemy.engine.Engine - INFO - _execute_context:1846 - 
CREATE TABLE resume_test_results (
	id INTEGER NOT NULL, 
	user_id INTEGER NOT NULL, 
	filename VARCHAR(500) NOT NULL, 
	filepath VARCHAR(1000) NOT NULL, 
	job_title VARCHAR(500), 
	company VARCHAR(500), 
	content_quality_score INTEGER NOT NULL, 
	content_quality_explanation TEXT NOT NULL, 
	skills_match_score INTEGER NOT NULL, 
	skills_match_explanation TEXT NOT NULL, 
	experience_achievements_score INTEGER NOT NULL, 
	experience_achievements_explanation TEXT NOT NULL, 
	format_structure_score INTEGER NOT NULL, 
	format_structure_explanation TEXT NOT NULL, 
	education_certifications_score INTEGER NOT NULL, 
	education_certifications_explanation TEXT NOT NULL, 
	total_score INTEGER NOT NULL, 
	overall_grade VARCHAR(10), 
	strengths TEXT, 
	areas_for_improvement TEXT, 
	recommendations TEXT, 
	analysis_timestamp DATETIME NOT NULL, 
	api_version VARCHAR(20), 
	model_used VARCHAR(100), 
	analysis_duration_ms INTEGER, 
	file_size INTEGER, 
	file_type VARCHAR(50), 
	PRIMARY KEY (id), 
	FOREIGN KEY(user_id) REFERENCES users (id)
)


2025-09-12 18:30:44 - sqlalchemy.engine.Engine - INFO - _execute_context:1846 - [no key 0.00026s] ()
2025-09-12 18:30:44 - sqlalchemy.engine.Engine - INFO - _execute_context:1846 - CREATE INDEX ix_resume_test_results_user_id ON resume_test_results (user_id)
2025-09-12 18:30:44 - sqlalchemy.engine.Engine - INFO - _execute_context:1846 - [no key 0.00007s] ()
2025-09-12 18:30:44 - sqlalchemy.engine.Engine - INFO - _execute_context:1846 - 
CREATE TABLE streaks (
	id INTEGER NOT NULL, 
	user_id INTEGER NOT NULL, 
	activity_type VARCHAR(50) NOT NULL, 
	current_streak INTEGER NOT NULL, 
	longest_streak INTEGER NOT NULL, 
	last_activity_date DATETIME, 
	created_at DATETIME NOT NULL, 
	updated_at DATETIME NOT NULL, 
	PRIMARY KEY (id), 
	FOREIGN KEY(user_id) REFERENCES users (id)
)


2025-09-12 18:30:44 - sqlalchemy.engine.Engine - INFO - _execute_context:1846 - [no key 0.00007s] ()
2025-09-12 18:30:44 - sqlalchemy.engine.Engine - INFO - _execute_context:1846 - CREATE INDEX ix_streaks_user_id ON streaks (user_id)
2025-09-12 18:30:44 - sqlalchemy.engine.Engine - INFO - _execute_context:1846 - [no key 0.00010s] ()
2025-09-12 18:30:44 - sqlalchemy.engine.Engine - INFO - _execute_context:1846 - 
CREATE TABLE streak_logs (
	id INTEGER NOT NULL, 
	user_id INTEGER NOT NULL, 
	activity_type VARCHAR(50) NOT NULL, 
	activity_date DATETIME NOT NULL, 
	description VARCHAR(200), 
	PRIMARY KEY (id), 
	FOREIGN KEY(user_id) REFERENCES users (id)
)


2025-09-12 18:30:44 - sqlalchemy.engine.Engine - INFO - _execute_context:1846 - [no key 0.00005s] ()
2025-09-12 18:30:44 - sqlalchemy.engine.Engine - INFO - _execute_context:1846 - CREATE INDEX ix_streak_logs_user_id ON streak_logs (user_id)
2025-09-12 18:30:44 - sqlalchemy.engine.Engine - INFO - _execute_context:1846 - [no key 0.00005s] ()
2025-09-12 18:30:44 - sqlalchemy.engine.Engine - INFO - _execute_context:1846 - 
CREATE TABLE messages (
	id INTEGER NOT NULL, 
	sender_id INTEGER NOT NULL, 
	receiver_id INTEGER NOT NULL, 
	content TEXT NOT NULL, 
	timestamp DATETIME DEFAULT CURRENT_TIMESTAMP NOT NULL, 
	is_read BOOLEAN NOT NULL, 
	PRIMARY KEY (id), 
	FOREIGN KEY(sender_id) REFERENCES users (id), 
	FOREIGN KEY(receiver_id) REFERENCES users (id)
)


2025-09-12 18:30:44 - sqlalchemy.engine.Engine - INFO - _execute_context:1846 - [no key 0.00006s] ()
2025-09-12 18:30:44 - sqlalchemy.engine.Engine - INFO - _execute_context:1846 - CREATE INDEX ix_messages_id ON messages (id)
2025-09-12 18:30:44 - sqlalchemy.engine.Engine - INFO - _execute_context:1846 - [no key 0.00008s] ()
2025-09-12 18:30:44 - sqlalchemy.engine.Engine - INFO - _execute_context:1846 - CREATE INDEX ix_messages_sender_id ON messages (sender_id)
2025-09-12 18:30:44 - sqlalchemy.engine.Engine - INFO - _execute_context:1846 - [no key 0.00004s] ()
2025-09-12 18:30:44 - sqlalchemy.engine.Engine - INFO - _execute_context:1846 - CREATE INDEX ix_messages_receiver_id ON messages (receiver_id)
2025-09-12 18:30:44 - sqlalchemy.engine.Engine - INFO - _execute_context:1846 - [no key 0.00004s] ()
2025-09-12 18:30:44 - sqlalchemy.engine.Engine - INFO - _execute_context:1846 - 
CREATE TABLE post_likes (
	id INTEGER NOT NULL, 
	post_id INTEGER NOT NULL, 
	user_id INTEGER NOT NULL, 
	created_at DATETIME NOT NULL, 
	PRIMARY KEY (id), 
	CONSTRAINT uq_post_like_post_user UNIQUE (post_id, user_id), 
	FOREIGN KEY(post_id) REFERENCES posts (id), 
	FOREIGN KEY(user_id) REFERENCES users (id)
)


2025-09-12 18:30:44 - sqlalchemy.engine.Engine - INFO - _execute_context:1846 - [no key 0.00005s] ()
2025-09-12 18:30:44 - sqlalchemy.engine.Engine - INFO - _execute_context:1846 - CREATE INDEX ix_post_likes_post_id ON post_likes (post_id)
2025-09-12 18:30:44 - sqlalchemy.engine.Engine - INFO - _execute_context:1846 - [no key 0.00004s] ()
2025-09-12 18:30:44 - sqlalchemy.engine.Engine - INFO - _execute_context:1846 - CREATE INDEX ix_post_likes_user_id ON post_likes (user_id)
2025-09-12 18:30:44 - sqlalchemy.engine.Engine - INFO - _execute_context:1846 - [no key 0.00004s] ()
2025-09-12 18:30:44 - sqlalchemy.engine.Engine - INFO - _execute_context:1846 - 
CREATE TABLE job_applications (
	id INTEGER NOT NULL, 
	job_id INTEGER NOT NULL, 
	applicant_id INTEGER NOT NULL, 
	cover_letter TEXT, 
	resume_path VARCHAR(500), 
	status VARCHAR(50), 
	applied_at DATETIME, 
	reviewed_at DATETIME, 
	notes TEXT, 
	hr_rating INTEGER, 
	interview_scheduled DATETIME, 
	interview_notes TEXT, 
	created_at DATETIME, 
	updated_at DATETIME, 
	PRIMARY KEY (id), 
	CONSTRAINT valid_application_status CHECK (status IN ('pending', 'reviewed', 'interview', 'rejected', 'hired')), 
	CONSTRAINT valid_hr_rating CHECK (hr_rating >= 1 AND hr_rating <= 5), 
	FOREIGN KEY(job_id) REFERENCES jobs (id), 
	FOREIGN KEY(applicant_id) REFERENCES users (id)
)


2025-09-12 18:30:44 - sqlalchemy.engine.Engine - INFO - _execute_context:1846 - [no key 0.00006s] ()
2025-09-12 18:30:44 - sqlalchemy.engine.Engine - INFO - _execute_context:1846 - 
CREATE TABLE event_registrations (
	id INTEGER NOT NULL, 
	event_id INTEGER NOT NULL, 
	user_id INTEGER NOT NULL, 
	registration_date DATETIME, 
	status VARCHAR(20), 
	notes TEXT, 
	PRIMARY KEY (id), 
	FOREIGN KEY(event_id) REFERENCES events (id), 
	FOREIGN KEY(user_id) REFERENCES users (id)
)


2025-09-12 18:30:44 - sqlalchemy.engine.Engine - INFO - _execute_context:1846 - [no key 0.00005s] ()
2025-09-12 18:30:44 - sqlalchemy.engine.Engine - INFO - _execute_context:1846 - 
CREATE TABLE comments (
	id INTEGER NOT NULL, 
	content TEXT NOT NULL, 
	post_id INTEGER NOT NULL, 
	user_id INTEGER NOT NULL, 
	parent_comment_id INTEGER, 
	likes_count INTEGER, 
	created_at DATETIME, 
	updated_at DATETIME, 
	PRIMARY KEY (id), 
	FOREIGN KEY(post_id) REFERENCES posts (id), 
	FOREIGN KEY(user_id) REFERENCES users (id), 
	FOREIGN KEY(parent_comment_id) REFERENCES comments (id)
)


2025-09-12 18:30:44 - sqlalchemy.engine.Engine - INFO - _execute_context:1846 - [no key 0.00004s] ()
2025-09-12 18:30:44 - sqlalchemy.engine.Engine - INFO - _execute_context:1846 - 
CREATE TABLE mock_interview_turns (
	id INTEGER NOT NULL, 
	session_id INTEGER NOT NULL, 
	turn_number INTEGER NOT NULL, 
	question_text TEXT NOT NULL, 
	answer_text TEXT NOT NULL, 
	created_at DATETIME NOT NULL, 
	PRIMARY KEY (id), 
	FOREIGN KEY(session_id) REFERENCES mock_interview_sessions (id)
)


2025-09-12 18:30:44 - sqlalchemy.engine.Engine - INFO - _execute_context:1846 - [no key 0.00006s] ()
2025-09-12 18:30:44 - sqlalchemy.engine.Engine - INFO - _execute_context:1846 - CREATE INDEX ix_mock_interview_turns_session_id ON mock_interview_turns (session_id)
2025-09-12 18:30:44 - sqlalchemy.engine.Engine - INFO - _execute_context:1846 - [no key 0.00006s] ()
2025-09-12 18:30:44 - sqlalchemy.engine.Engine - INFO - _connection_commit_impl:2708 - COMMIT
2025-09-12 18:30:44 - database_enhanced - INFO - init_database:265 - Database tables initialized successfully
2025-09-12 18:30:44 - qrowiq - INFO - lifespan:65 - Database tables created/verified successfully
2025-09-12 18:30:44 - qrowiq - INFO - lifespan:70 - Qrow IQ application started successfully
2025-09-12 18:31:13 - qrowiq.performance - DEBUG - log_request_time:161 - Request: GET / - Duration: 0.002s - Status: 200
2025-09-12 18:31:13 - qrowiq.performance - DEBUG - log_request_time:161 - Request: GET /assets/index-BLN7SD5G.js - Duration: 0.002s - Status: 200
2025-09-12 18:31:13 - qrowiq.performance - DEBUG - log_request_time:161 - Request: GET /assets/index-DX95IkSr.css - Duration: 0.003s - Status: 200
2025-09-12 18:31:14 - qrowiq.performance - DEBUG - log_request_time:161 - Request: GET /favicon.ico - Duration: 0.001s - Status: 200
2025-09-12 18:31:21 - qrowiq.performance - DEBUG - log_request_time:161 - Request: GET / - Duration: 0.002s - Status: 200
2025-09-12 18:31:21 - qrowiq.performance - DEBUG - log_request_time:161 - Request: GET /assets/index-BLN7SD5G.js - Duration: 0.001s - Status: 304
2025-09-12 18:31:21 - qrowiq.performance - DEBUG - log_request_time:161 - Request: GET /assets/index-DX95IkSr.css - Duration: 0.002s - Status: 304
